declared global var Token(ID,i,'i',7,8,8)
declared global var Token(ID,t,'t',8,8,8)
declared global var Token(ID,a,'a',9,8,8)
declaring array Array(tok=Token(ID,a,'a',10,7,7),lo=1,hi=10)
declared global var Token(ID,b,'b',11,8,8)
declaring array Array(tok=Token(ID,b,'b',12,7,7),lo=1,hi=10)
using variable Token(ID,i,'i',15,7,7) declared at Token(ID,i,'i',7,8,8)
using variable Token(ID,t,'t',15,9,9) declared at Token(ID,t,'t',8,8,8)
err: in Token(PRINT,print,'print',15,1,5) invalid operands to +: Scalar(tok=Token(ID,i,'i',7,8,8)) & Tuple(tok=Token(ID,t,'t',8,8,8),n=3,links=)
using variable Token(ID,i,'i',16,7,7) declared at Token(ID,i,'i',7,8,8)
using variable Token(ID,a,'a',16,9,9) declared at Token(ID,a,'a',10,7,7)
err: in Token(PRINT,print,'print',16,1,5) invalid operands to +: Scalar(tok=Token(ID,i,'i',7,8,8)) & Array(tok=Token(ID,a,'a',10,7,7),lo=1,hi=10)
using variable Token(ID,t,'t',17,7,7) declared at Token(ID,t,'t',8,8,8)
using variable Token(ID,a,'a',17,9,9) declared at Token(ID,a,'a',10,7,7)
err: in Token(PRINT,print,'print',17,1,5) invalid operands to +: Tuple(tok=Token(ID,t,'t',8,8,8),n=3,links=) & Array(tok=Token(ID,a,'a',10,7,7),lo=1,hi=10)
using variable Token(ID,t,'t',18,7,7) declared at Token(ID,t,'t',8,8,8)
using variable Token(ID,a,'a',18,9,9) declared at Token(ID,a,'a',10,7,7)
indexing array Token(ID,a,'a',10,7,7)
err: in Token(PRINT,print,'print',18,1,5) invalid operands to +: Tuple(tok=Token(ID,t,'t',8,8,8),n=3,links=) & Scalar(tok=None)
using variable Token(ID,t,'t',19,7,7) declared at Token(ID,t,'t',8,8,8)
using variable Token(ID,a,'a',19,13,13) declared at Token(ID,a,'a',10,7,7)
err: in Token(PRINT,print,'print',19,1,5) invalid operands to *: IntLit(tok=Token(INT_LIT,23,23,19,10,11)) & Array(tok=Token(ID,a,'a',10,7,7),lo=1,hi=10)
using variable Token(ID,a,'a',20,7,7) declared at Token(ID,a,'a',10,7,7)
indexing array Token(ID,a,'a',10,7,7)
referencing tuple Token(ID,t,'t',8,8,8) at 2
using variable Token(ID,a,'a',22,7,7) declared at Token(ID,a,'a',10,7,7)
indexing array Token(ID,a,'a',10,7,7)
referencing tuple Token(ID,t,'t',8,8,8) at 2
using variable Token(ID,a,'a',23,10,10) declared at Token(ID,a,'a',10,7,7)
using variable Token(ID,t,'t',23,12,12) declared at Token(ID,t,'t',8,8,8)
err: in Token(PRINT,print,'print',23,1,5) invalid operands to +: Array(tok=Token(ID,a,'a',10,7,7),lo=1,hi=10) & Tuple(tok=Token(ID,t,'t',8,8,8),n=3,links=)
using variable Token(ID,i,'i',28,7,7) declared at Token(ID,i,'i',7,8,8)
using variable Token(ID,t,'t',28,9,9) declared at Token(ID,t,'t',8,8,8)
err: in Token(PRINT,print,'print',28,1,5) invalid operands to *: Scalar(tok=Token(ID,i,'i',7,8,8)) & Tuple(tok=Token(ID,t,'t',8,8,8),n=3,links=)
using variable Token(ID,a,'a',29,7,7) declared at Token(ID,a,'a',10,7,7)
referencing tuple Token(ID,t,'t',8,8,8) at 2
err: in Token(PRINT,print,'print',29,1,5) invalid operands to /: Array(tok=Token(ID,a,'a',10,7,7),lo=1,hi=10) & Scalar(tok=None)
using variable Token(ID,a,'a',30,9,9) declared at Token(ID,a,'a',10,7,7)
err: in Token(PRINT,print,'print',30,1,5) invalid operands to -: IntLit(tok=Token(INT_LIT,2,2,30,7,7)) & Array(tok=Token(ID,a,'a',10,7,7),lo=1,hi=10)
using variable Token(ID,a,'a',31,10,10) declared at Token(ID,a,'a',10,7,7)
err: in Token(PRINT,print,'print',31,1,5) invalid operands to -: IntLit(tok=Token(INT_LIT,3,3,31,8,8)) & Array(tok=Token(ID,a,'a',10,7,7),lo=1,hi=10)
using variable Token(ID,a,'a',34,7,7) declared at Token(ID,a,'a',10,7,7)
err: in Token(PRINT,print,'print',34,1,5) invalid tuple item Array(tok=Token(ID,a,'a',10,7,7),lo=1,hi=10)
using variable Token(ID,a,'a',35,7,7) declared at Token(ID,a,'a',10,7,7)
err: in Token(PRINT,print,'print',35,1,5) invalid tuple item Array(tok=Token(ID,a,'a',10,7,7),lo=1,hi=10)
using variable Token(ID,i,'i',38,10,10) declared at Token(ID,i,'i',7,8,8)
using variable Token(ID,t,'t',38,17,17) declared at Token(ID,t,'t',8,8,8)
err: in Token(PRINT,print,'print',38,1,5) invalid operands to +: Scalar(tok=Token(ID,i,'i',7,8,8)) & Tuple(tok=Token(ID,t,'t',8,8,8),n=3,links=)
using variable Token(ID,t,'t',41,1,1) declared at Token(ID,t,'t',8,8,8)
using variable Token(ID,a,'a',41,5,5) declared at Token(ID,a,'a',10,7,7)
err: in Token(ASSIGN,=,'=',41,3,3): cannot assign from bare array
using variable Token(ID,t,'t',42,1,1) declared at Token(ID,t,'t',8,8,8)
err: in Token(ASSIGN,=,'=',42,3,3): mismatched lengths
using variable Token(ID,a,'a',43,1,1) declared at Token(ID,a,'a',10,7,7)
err: in Token(ASSIGN,=,'=',43,3,3): cannot assign to bare array
using variable Token(ID,a,'a',44,1,1) declared at Token(ID,a,'a',10,7,7)
using variable Token(ID,b,'b',44,5,5) declared at Token(ID,b,'b',12,7,7)
err: in Token(ASSIGN,=,'=',44,3,3): cannot assign to bare array
err: in Token(PRINT,print,'print',46,1,5) cannot reference tuple Token(ID,t,'t',8,8,8) (size 3) at 17
using variable Token(ID,a,'a',49,4,4) declared at Token(ID,a,'a',10,7,7)
using variable Token(ID,t,'t',49,6,6) declared at Token(ID,t,'t',8,8,8)
err: in Token(IF,if,'if',49,1,2):  invalid operands to <: Array(tok=Token(ID,a,'a',10,7,7),lo=1,hi=10) & Tuple(tok=Token(ID,t,'t',8,8,8),n=3,links=)
using variable Token(ID,a,'a',50,4,4) declared at Token(ID,a,'a',10,7,7)
using variable Token(ID,t,'t',50,7,7) declared at Token(ID,t,'t',8,8,8)
err: in Token(IF,if,'if',50,1,2):  invalid operands to ==: Array(tok=Token(ID,a,'a',10,7,7),lo=1,hi=10) & Tuple(tok=Token(ID,t,'t',8,8,8),n=3,links=)
using variable Token(ID,a,'a',51,4,4) declared at Token(ID,a,'a',10,7,7)
err: in Token(IF,if,'if',51,1,2):  invalid operands to >: Array(tok=Token(ID,a,'a',10,7,7),lo=1,hi=10) & IntLit(tok=Token(INT_LIT,2,2,51,6,6))
using variable Token(ID,a,'a',52,4,4) declared at Token(ID,a,'a',10,7,7)
referencing tuple Token(ID,t,'t',8,8,8) at 2
err: in Token(IF,if,'if',52,1,2):  invalid operands to <: Array(tok=Token(ID,a,'a',10,7,7),lo=1,hi=10) & Scalar(tok=None)
using variable Token(ID,a,'a',53,4,4) declared at Token(ID,a,'a',10,7,7)
indexing array Token(ID,a,'a',10,7,7)
using variable Token(ID,t,'t',53,10,10) declared at Token(ID,t,'t',8,8,8)
err: in Token(IF,if,'if',53,1,2):  invalid operands to >=: Scalar(tok=None) & Tuple(tok=Token(ID,t,'t',8,8,8),n=3,links=)
using variable Token(ID,a,'a',54,4,4) declared at Token(ID,a,'a',10,7,7)
indexing array Token(ID,a,'a',10,7,7)
referencing tuple Token(ID,t,'t',8,8,8) at 2
using variable Token(ID,t,'t',60,4,4) declared at Token(ID,t,'t',8,8,8)
err: in Token(IF,if,'if',60,1,2):  invalid operands to ==: Tuple(tok=Token(ID,t,'t',8,8,8),n=3,links=) & Tuple(tok=None,n=3,links=)
using variable Token(ID,a,'a',65,4,4) declared at Token(ID,a,'a',10,7,7)
using variable Token(ID,b,'b',65,7,7) declared at Token(ID,b,'b',12,7,7)
err: in Token(IF,if,'if',65,1,2):  invalid operands to ==: Array(tok=Token(ID,a,'a',10,7,7),lo=1,hi=10) & Array(tok=Token(ID,b,'b',12,7,7),lo=1,hi=10)
using variable Token(ID,a,'a',70,4,4) declared at Token(ID,a,'a',10,7,7)
using variable Token(ID,b,'b',70,7,7) declared at Token(ID,b,'b',12,7,7)
err: in Token(IF,if,'if',70,1,2):  invalid operands to !=: Array(tok=Token(ID,a,'a',10,7,7),lo=1,hi=10) & Array(tok=Token(ID,b,'b',12,7,7),lo=1,hi=10)
using variable Token(ID,t,'t',76,14,14) declared at Token(ID,t,'t',8,8,8)
err: in Token(FOREACH,foreach,'foreach',76,1,7):  cannot iterate over non array variable Tuple(tok=Token(ID,t,'t',8,8,8),n=3,links=)
for loop Token(FOREACH,foreach,'foreach',76,1,7): iterator Token(ID,x,'x',76,9,9): iterable Token(ID,t,'t',76,14,14)
err: in Token(FOREACH,foreach,'foreach',80,1,7):  cannot declare iterator Token(ID,x,'x',80,9,9): name already in use
for loop Token(FOREACH,foreach,'foreach',80,1,7): iterator Token(ID,x,'x',80,9,9): iterable Token(ID,i,'i',80,14,14)
err: in Token(FOREACH,foreach,'foreach',84,1,7):  cannot declare iterator Token(ID,x,'x',84,9,9): name already in use
for loop Token(FOREACH,foreach,'foreach',84,1,7): iterator Token(ID,x,'x',84,9,9): iterable ('RANGE', Token(ID,a,'a',84,14,14), Token(INT_LIT,10,10,84,17,18))
err: in Token(FOREACH,foreach,'foreach',88,1,7):  cannot declare iterator Token(ID,x,'x',88,9,9): name already in use
for loop Token(FOREACH,foreach,'foreach',88,1,7): iterator Token(ID,x,'x',88,9,9): iterable ('RANGE', Token(INT_LIT,1,1,88,14,14), Token(ID,t,'t',88,17,17))
symbol table: {'i': Scalar(tok=Token(ID,i,'i',7,8,8)), 't': Tuple(tok=Token(ID,t,'t',8,8,8),n=3,links=), 'a': Array(tok=Token(ID,a,'a',10,7,7),lo=1,hi=10), 'b': Array(tok=Token(ID,b,'b',12,7,7),lo=1,hi=10), 'x': Scalar(tok=Token(ID,x,'x',76,9,9))}
